<?xml version="1.0" encoding="UTF-8"?>
<!-- Generated by org.testng.reporters.JUnitXMLReporter -->
<testsuite hostname="Surajs-MacBook-Pro.local" ignored="0" name="Default test" tests="2" failures="0" timestamp="29 Jun 2020 16:12:05 GMT" time="15.413" errors="0">
  <testcase name="testVerifySpecificRecord" time="10.285" classname="com.qa.hubspot.tests.SeleniumDataBaseTest"/>
  <testcase name="testVerifyListOfRecords" time="5.013" classname="com.qa.hubspot.tests.SeleniumDataBaseTest"/>
</testsuite> <!-- Default test -->
