<?xml version="1.0" encoding="UTF-8"?>
<!-- Generated by org.testng.reporters.JUnitXMLReporter -->
<testsuite hostname="Surajs-MacBook-Pro.local" ignored="0" name="home page test" tests="3" failures="0" timestamp="19 Jul 2020 09:31:20 GMT" time="29.336" errors="0">
  <testcase name="verifyHomePageTitleTest" time="10.062" classname="com.qa.hubspot.tests.HomePageTest"/>
  <testcase name="verifyHomePageHeaderTest" time="5.077" classname="com.qa.hubspot.tests.HomePageTest"/>
  <testcase name="verifyLoggedInUserTest" time="5.07" classname="com.qa.hubspot.tests.HomePageTest"/>
</testsuite> <!-- home page test -->
