<?xml version="1.0" encoding="UTF-8"?>
<!-- Generated by org.testng.reporters.JUnitXMLReporter -->
<testsuite hostname="Surajs-MacBook-Pro.local" ignored="0" name="home page test" tests="3" failures="0" timestamp="19 Jul 2020 07:57:33 GMT" time="30.159" errors="0">
  <testcase name="verifyHomePageTitleTest" time="10.066" classname="com.qa.hubspot.tests.HomePageTest"/>
  <testcase name="verifyHomePageHeaderTest" time="5.072" classname="com.qa.hubspot.tests.HomePageTest"/>
  <testcase name="verifyLoggedInUserTest" time="5.062" classname="com.qa.hubspot.tests.HomePageTest"/>
</testsuite> <!-- home page test -->
