<?xml version="1.0" encoding="UTF-8"?>
<!-- Generated by org.testng.reporters.JUnitXMLReporter -->
<testsuite hostname="Surajs-MacBook-Pro.local" ignored="0" name="login page test" tests="3" failures="0" timestamp="2020-06-03T22:40:01 NPT" time="14.674" errors="0">
  <testcase name="verifySignUpLinkTest" time="5.948" classname="com.qa.hubspot.tests.LoginPageTest"/>
  <testcase name="verifyLoginPageTitleTest" time="0.007" classname="com.qa.hubspot.tests.LoginPageTest"/>
  <testcase name="loginTest" time="5.406" classname="com.qa.hubspot.tests.LoginPageTest"/>
</testsuite> <!-- login page test -->
