<?xml version="1.0" encoding="UTF-8"?>
<testng-results skipped="0" failed="0" ignored="0" total="3" passed="3">
  <reporter-output>
  </reporter-output>
  <suite name="Hub spot Test automtion regression suite" duration-ms="30159" started-at="2020-07-19T07:56:58Z" finished-at="2020-07-19T07:57:28Z">
    <groups>
    </groups>
    <test name="home page test" duration-ms="30159" started-at="2020-07-19T07:56:58Z" finished-at="2020-07-19T07:57:28Z">
      <class name="com.qa.hubspot.tests.HomePageTest">
        <test-method status="PASS" signature="setUp()[pri:0, instance:com.qa.hubspot.tests.HomePageTest@4bee18dc]" name="setUp" is-config="true" duration-ms="2727" started-at="2020-07-19T07:56:58Z" finished-at="2020-07-19T07:57:01Z">
          <reporter-output>
          </reporter-output>
        </test-method> <!-- setUp -->
        <test-method status="PASS" signature="homeSetup()[pri:0, instance:com.qa.hubspot.tests.HomePageTest@4bee18dc]" name="homeSetup" is-config="true" duration-ms="7025" started-at="2020-07-19T07:57:01Z" finished-at="2020-07-19T07:57:08Z">
          <reporter-output>
          </reporter-output>
        </test-method> <!-- homeSetup -->
        <test-method status="PASS" signature="verifyHomePageTitleTest()[pri:1, instance:com.qa.hubspot.tests.HomePageTest@4bee18dc]" name="verifyHomePageTitleTest" duration-ms="10066" started-at="2020-07-19T07:57:08Z" finished-at="2020-07-19T07:57:18Z">
          <reporter-output>
          </reporter-output>
        </test-method> <!-- verifyHomePageTitleTest -->
        <test-method status="PASS" signature="verifyHomePageHeaderTest()[pri:2, instance:com.qa.hubspot.tests.HomePageTest@4bee18dc]" name="verifyHomePageHeaderTest" duration-ms="5072" started-at="2020-07-19T07:57:18Z" finished-at="2020-07-19T07:57:23Z">
          <reporter-output>
          </reporter-output>
        </test-method> <!-- verifyHomePageHeaderTest -->
        <test-method status="PASS" signature="verifyLoggedInUserTest()[pri:3, instance:com.qa.hubspot.tests.HomePageTest@4bee18dc]" name="verifyLoggedInUserTest" duration-ms="5062" started-at="2020-07-19T07:57:23Z" finished-at="2020-07-19T07:57:28Z">
          <reporter-output>
          </reporter-output>
        </test-method> <!-- verifyLoggedInUserTest -->
        <test-method status="PASS" signature="tearDown()[pri:0, instance:com.qa.hubspot.tests.HomePageTest@4bee18dc]" name="tearDown" is-config="true" duration-ms="100" started-at="2020-07-19T07:57:28Z" finished-at="2020-07-19T07:57:28Z">
          <reporter-output>
          </reporter-output>
        </test-method> <!-- tearDown -->
      </class> <!-- com.qa.hubspot.tests.HomePageTest -->
    </test> <!-- home page test -->
  </suite> <!-- Hub spot Test automtion regression suite -->
</testng-results>
